tang.exam/proguard-project.txt
# To enable ProGuard in your project, edit project.properties
# to define the proguard.config property as described in that file.
#
# Add project specific ProGuard rules here.
# By default, the flags in this file are appended to flags specified
# in ${sdk.dir}/tools/proguard/proguard-android.txt
# You can edit the include path and order by changing the ProGuard
# include property in project.properties.
#
# For more details, see
#   http://developer.android.com/guide/developing/tools/proguard.html

# Add any project specific keep options here:

# If your project uses WebView with JS, uncomment the following
# and specify the fully qualified class name to the JavaScript interface
# class:
#-keepclassmembers class fqcn.of.javascript.interface.for.webview {
#   public *;
#}
-ignorewarnings
-libraryjars libs/android-async-http-1.4.7.jar
-libraryjars libs/annotations.jar
-libraryjars libs/butterknife-6.1.0.jar
-libraryjars libs/gson-2.2.4.jar
-libraryjars libs/notificationupdate.jar
-libraryjars libs/ormlite-android-4.49-SNAPSHOT.jar
-libraryjars libs/ormlite-core-4.49-SNAPSHOT.jar
-libraryjars libs/shown.circularreveal.jar
-libraryjars libs/shown.materialdesign.jar
-libraryjars libs/shown.nineoldandroidslibrary.jar
-libraryjars libs/shown.pulltorefresh.jar
-libraryjars libs/stickylistheaders_lib.jar
-libraryjars libs/android-support-v4.jar
-dontwarn com.google.**

-optimizationpasses 5
-dontusemixedcaseclassnames
-dontskipnonpubliclibraryclasses
-dontpreverify
-verbose
-optimizations !code/simplification/arithmetic,!field/*,!class/merging/*

-keepattributes Signature
-keep class io.codetail.** {*;} 
-keep class com.apk.** {*;} 
-keep class com.j256.** {*;} 
-keep class com.google.** {*;} 
-keep class com.loopj.** {*;} 
-keep class tang.basic.exception.** {*;} 
-keep class tang.basic.baseactivity.** {*;} 
-keep class tang.basic.view.** {*;} 
-keep class tang.basic.start.** {*;} 
-keep class tang.basic.http.** {*;} 
-keep class tang.basic.grid.** {*;} 
-keep class tang.basic.model.** {*;} 
-keep class tang.pulltorefresh.refresh_view.** {*;} 
-keep class tang.basic.listviewanimations.** {*;} 
-keep class butterknife.** {*;} 
-keep class com.emilsjolander.** {*;} 
-keep class yalantis.com.sidemenu.** {*;} 
-keep class com.sidemenu.sample.** {*;} 
-keep class com.gc.materialdesign.** {*;} 
-keep class tang.exam.** {*;} 
-keep class tang.exam.widget.** {*;} 
-keep class tang.exam.common.** {*;} 
-keep class tang.exam.question.** {*;} 
-keep class tang.exam.fragment.** {*;} 

-keep class tang.basic.exception.ExceptionApplication {*;}
-keep class tang.exam.common.BaseApplication {*;}
-keep class tang.basic.common.WaitingManager {*;}
-keep class com.apk.update.DownloadService {*;}
-keep public class * extends android.app.Activity
-keep public class * extends android.app.Application
-keep public class * extends android.app.Service
-keep public class * extends android.content.BroadcastReceiver
-keep public class * extends android.content.ContentProvider
-keep public class * extends android.app.backup.BackupAgentHelper
-keep public class * extends android.preference.Preference

 -keepclasseswithmembernames class * {
     native <methods>;
}

-keepclasseswithmembers class * {
    public <init>(android.content.Context, android.util.AttributeSet);
}

-keepclasseswithmembers class * {
    public <init>(android.content.Context, android.util.AttributeSet, int);
}

-keepclassmembers class * extends android.app.Activity {
    public void *(android.view.View);
}

-keepclassmembers enum * {
    public static **[] values();
    public static ** valueOf(java.lang.String);
}

-keep class * implements android.os.Parcelable {
    public static final android.os.Parcelable$Creator *;
}