tang.exam/proguard/seeds.txt
ximi.exam.R$anim: int abc_fade_in
ximi.exam.R$anim: int abc_fade_out
ximi.exam.R$anim: int abc_slide_in_bottom
ximi.exam.R$anim: int abc_slide_in_top
ximi.exam.R$anim: int abc_slide_out_bottom
ximi.exam.R$anim: int abc_slide_out_top
ximi.exam.R$anim: int error_frame_in
ximi.exam.R$anim: int error_x_in
ximi.exam.R$anim: int modal_in
ximi.exam.R$anim: int modal_out
ximi.exam.R$anim: int success_bow_roate
ximi.exam.R$anim: int success_mask_layout
ximi.exam.R$array: int FullName
ximi.exam.R$attr: int actionBarDivider
ximi.exam.R$attr: int actionBarItemBackground
ximi.exam.R$attr: int actionBarPopupTheme
ximi.exam.R$attr: int actionBarSize
ximi.exam.R$attr: int actionBarSplitStyle
ximi.exam.R$attr: int actionBarStyle
ximi.exam.R$attr: int actionBarTabBarStyle
ximi.exam.R$attr: int actionBarTabStyle
ximi.exam.R$attr: int actionBarTabTextStyle
ximi.exam.R$attr: int actionBarTheme
ximi.exam.R$attr: int actionBarWidgetTheme
ximi.exam.R$attr: int actionButtonStyle
ximi.exam.R$attr: int actionDropDownStyle
ximi.exam.R$attr: int actionLayout
ximi.exam.R$attr: int actionMenuTextAppearance
ximi.exam.R$attr: int actionMenuTextColor
ximi.exam.R$attr: int actionModeBackground
ximi.exam.R$attr: int actionModeCloseButtonStyle
ximi.exam.R$attr: int actionModeCloseDrawable
ximi.exam.R$attr: int actionModeCopyDrawable
ximi.exam.R$attr: int actionModeCutDrawable
ximi.exam.R$attr: int actionModeFindDrawable
ximi.exam.R$attr: int actionModePasteDrawable
ximi.exam.R$attr: int actionModePopupWindowStyle
ximi.exam.R$attr: int actionModeSelectAllDrawable
ximi.exam.R$attr: int actionModeShareDrawable
ximi.exam.R$attr: int actionModeSplitBackground
ximi.exam.R$attr: int actionModeStyle
ximi.exam.R$attr: int actionModeWebSearchDrawable
ximi.exam.R$attr: int actionOverflowButtonStyle
ximi.exam.R$attr: int actionOverflowMenuStyle
ximi.exam.R$attr: int actionProviderClass
ximi.exam.R$attr: int actionViewClass
ximi.exam.R$attr: int activityChooserViewStyle
ximi.exam.R$bool: int abc_action_bar_embed_tabs
ximi.exam.R$bool: int abc_action_bar_embed_tabs_pre_jb
ximi.exam.R$bool: int abc_action_bar_expanded_action_views_exclusive
ximi.exam.R$bool: int abc_config_actionMenuItemAllCaps
ximi.exam.R$bool: int abc_config_allowActionMenuItemTextWithIcon
ximi.exam.R$bool: int abc_config_showMenuShortcutsWhenKeyboardPresent
ximi.exam.R$bool: int default_fiv_isAnimated
ximi.exam.R$bool: int default_fiv_isFlipped
ximi.exam.R$bool: int default_fiv_isRotationReversed
ximi.exam.R$color: int abc_background_cache_hint_selector_material_dark
ximi.exam.R$color: int abc_background_cache_hint_selector_material_light
ximi.exam.R$color: int abc_input_method_navigation_guard
ximi.exam.R$color: int abc_primary_text_disable_only_material_dark
ximi.exam.R$color: int abc_primary_text_disable_only_material_light
ximi.exam.R$color: int abc_primary_text_material_dark
ximi.exam.R$color: int abc_primary_text_material_light
ximi.exam.R$color: int abc_search_url_text
ximi.exam.R$color: int abc_search_url_text_normal
ximi.exam.R$color: int abc_search_url_text_pressed
ximi.exam.R$color: int abc_search_url_text_selected
ximi.exam.R$color: int abc_secondary_text_material_dark
ximi.exam.R$color: int abc_secondary_text_material_light
ximi.exam.R$color: int accent_material_dark
ximi.exam.R$color: int accent_material_light
ximi.exam.R$color: int aliceblue
ximi.exam.R$color: int antiquewhite
ximi.exam.R$color: int aqua
ximi.exam.R$color: int aquamarine
ximi.exam.R$color: int azure
ximi.exam.R$color: int background
ximi.exam.R$color: int background_floating_material_dark
ximi.exam.R$color: int background_floating_material_light
ximi.exam.R$color: int background_material_dark
ximi.exam.R$color: int background_material_light
ximi.exam.R$color: int barColor
ximi.exam.R$color: int base_black_gray
ximi.exam.R$color: int base_gray
ximi.exam.R$color: int base_gray_green
ximi.exam.R$color: int beige
ximi.exam.R$color: int bisque
ximi.exam.R$color: int black
...
android.support.v7.widget.RecyclerViewAnimationsTest$PositionConstraint$Type: android.support.v7.widget.RecyclerViewAnimationsTest$PositionConstraint$Type[] values()
android.support.v7.widget.RecyclerViewAnimationsTest$PositionConstraint$Type: android.support.v7.widget.RecyclerViewAnimationsTest$PositionConstraint$Type valueOf(java.lang.String)
android.support.v7.widget.RecyclerViewBasicTest$LayoutManagerSavedState
android.support.v7.widget.RecyclerViewBasicTest$LayoutManagerSavedState: android.os.Parcelable$Creator CREATOR
android.support.v7.widget.SearchView
android.support.v7.widget.SearchView: SearchView(android.content.Context,android.util.AttributeSet)
android.support.v7.widget.SearchView: SearchView(android.content.Context,android.util.AttributeSet,int)
android.support.v7.widget.SearchView: int getSuggestionRowLayout()
android.support.v7.widget.SearchView: int getSuggestionCommitIconResId()
android.support.v7.widget.SearchView: void setSearchableInfo(android.app.SearchableInfo)
android.support.v7.widget.SearchView: void setAppSearchData(android.os.Bundle)
android.support.v7.widget.SearchView: void setImeOptions(int)
android.support.v7.widget.SearchView: int getImeOptions()
android.support.v7.widget.SearchView: void setInputType(int)
android.support.v7.widget.SearchView: int getInputType()
android.support.v7.widget.SearchView: void setOnQueryTextListener(android.support.v7.widget.SearchView$OnQueryTextListener)
android.support.v7.widget.SearchView: void setOnCloseListener(android.support.v7.widget.SearchView$OnCloseListener)
android.support.v7.widget.SearchView: void setOnQueryTextFocusChangeListener(android.view.View$OnFocusChangeListener)
android.support.v7.widget.SearchView: void setOnSuggestionListener(android.support.v7.widget.SearchView$OnSuggestionListener)
android.support.v7.widget.SearchView: void setOnSearchClickListener(android.view.View$OnClickListener)
android.support.v7.widget.SearchView: java.lang.CharSequence getQuery()
android.support.v7.widget.SearchView$SearchAutoComplete
android.support.v7.widget.SearchView$SearchAutoComplete: SearchView$SearchAutoComplete(android.content.Context)
android.support.v7.widget.SearchView$SearchAutoComplete: SearchView$SearchAutoComplete(android.content.Context,android.util.AttributeSet)
android.support.v7.widget.SearchView$SearchAutoComplete: SearchView$SearchAutoComplete(android.content.Context,android.util.AttributeSet,int)
android.support.v7.widget.SearchView$SearchAutoComplete: void setSearchView(android.support.v7.widget.SearchView)
android.support.v7.widget.SearchView$SearchAutoComplete: void setThreshold(int)
android.support.v7.widget.SearchView$SearchAutoComplete: void setDropDownBackgroundResource(int)
android.support.v7.widget.StaggeredGridLayoutManager$LayoutParams
android.support.v7.widget.StaggeredGridLayoutManager$LayoutParams: StaggeredGridLayoutManager$LayoutParams(android.content.Context,android.util.AttributeSet)
android.support.v7.widget.StaggeredGridLayoutManager$LazySpanLookup$FullSpanItem
android.support.v7.widget.StaggeredGridLayoutManager$LazySpanLookup$FullSpanItem: android.os.Parcelable$Creator CREATOR
android.support.v7.widget.StaggeredGridLayoutManager$SavedState
android.support.v7.widget.StaggeredGridLayoutManager$SavedState: android.os.Parcelable$Creator CREATOR