tang.exam/proguard/mapping.txt
ximi.exam.R -> a.a.a:
ximi.exam.R$styleable -> a.a.b:
    int[] ActionBar -> ActionBar
    int ActionBar_background -> ActionBar_background
    int ActionBar_backgroundSplit -> ActionBar_backgroundSplit
    int ActionBar_backgroundStacked -> ActionBar_backgroundStacked
    int ActionBar_contentInsetEnd -> ActionBar_contentInsetEnd
    int ActionBar_contentInsetLeft -> ActionBar_contentInsetLeft
    int ActionBar_contentInsetRight -> ActionBar_contentInsetRight
    int ActionBar_contentInsetStart -> ActionBar_contentInsetStart
    int ActionBar_customNavigationLayout -> ActionBar_customNavigationLayout
    int ActionBar_displayOptions -> ActionBar_displayOptions
    int ActionBar_divider -> ActionBar_divider
    int ActionBar_elevation -> ActionBar_elevation
    int ActionBar_height -> ActionBar_height
    int ActionBar_hideOnContentScroll -> ActionBar_hideOnContentScroll
    int ActionBar_homeAsUpIndicator -> ActionBar_homeAsUpIndicator
    int ActionBar_homeLayout -> ActionBar_homeLayout
    int ActionBar_icon -> ActionBar_icon
    int ActionBar_indeterminateProgressStyle -> ActionBar_indeterminateProgressStyle
    int ActionBar_itemPadding -> ActionBar_itemPadding
    int ActionBar_logo -> ActionBar_logo
    int ActionBar_navigationMode -> ActionBar_navigationMode
    int ActionBar_popupTheme -> ActionBar_popupTheme
    int ActionBar_progressBarPadding -> ActionBar_progressBarPadding
    int ActionBar_progressBarStyle -> ActionBar_progressBarStyle
...
tang.exam.net.ResponseUpdate -> tang.exam.net.ResponseUpdate:
    java.lang.String DownloadLink -> DownloadLink
    java.lang.String Version -> Version
tang.exam.question.TheJudge -> tang.exam.question.TheJudge:
    android.app.Activity mContext -> mContext
    android.widget.LinearLayout mLayout -> mLayout
    android.widget.LinearLayout jiexi -> jiexi
    tang.exam.model.Exam mQuestion -> mQuestion
    int animationDuration -> animationDuration
    java.lang.String[] Letter -> Letter
    java.util.List answerList -> answerList
    int index -> index
    java.lang.String MyAnswer -> MyAnswer
    tang.exam.model.AnswerQuestionnaire answer -> answer
    void Start() -> Start
    void NextQuestion(android.widget.RadioGroup) -> NextQuestion
    int getAnimationDuration() -> getAnimationDuration
    void animateView(android.view.View,int) -> animateView
    void testExam() -> testExam
    android.app.Activity access$0(tang.exam.question.TheJudge) -> access$0
    tang.exam.model.Exam access$1(tang.exam.question.TheJudge) -> access$1
    void access$2(tang.exam.question.TheJudge,java.lang.String) -> access$2
    void access$3(tang.exam.question.TheJudge,android.view.View,int) -> access$3
    java.util.List access$4(tang.exam.question.TheJudge) -> access$4
    void access$5(tang.exam.question.TheJudge,android.widget.RadioGroup) -> access$5
tang.exam.question.TheJudge$1 -> tang.exam.question.TheJudge$1:
    tang.exam.question.TheJudge this$0 -> this$0
    void onClick(android.view.View) -> onClick
tang.exam.question.TheJudge$2 -> tang.exam.question.TheJudge$2:
    tang.exam.question.TheJudge this$0 -> this$0
    void onClick(android.view.View) -> onClick
tang.exam.question.TheJudge$3 -> tang.exam.question.TheJudge$3:
    tang.exam.question.TheJudge this$0 -> this$0
    void onClick(android.view.View) -> onClick
tang.exam.question.TheJudgeItem -> tang.exam.question.TheJudgeItem:
    android.content.Context mContext -> mContext
    android.widget.LinearLayout jiexi -> jiexi
    tang.exam.model.Exam mQuestion -> mQuestion
    java.lang.String[] Letter -> Letter
    java.util.List answerList -> answerList
    int index -> index
    java.lang.String MyAnswer -> MyAnswer
    tang.exam.model.AnswerQuestionnaire answer -> answer
    android.view.View view -> view
    void render(android.content.Context) -> render
    void Start() -> Start
    android.content.Context access$0(tang.exam.question.TheJudgeItem) -> access$0
    tang.exam.model.Exam access$1(tang.exam.question.TheJudgeItem) -> access$1
    void access$2(tang.exam.question.TheJudgeItem,java.lang.String) -> access$2
    java.util.List access$3(tang.exam.question.TheJudgeItem) -> access$3
tang.exam.question.TheJudgeItem$1 -> tang.exam.question.TheJudgeItem$1:
    tang.exam.question.TheJudgeItem this$0 -> this$0
    void onClick(android.view.View) -> onClick
tang.exam.question.TheJudgeItem$2 -> tang.exam.question.TheJudgeItem$2:
    tang.exam.question.TheJudgeItem this$0 -> this$0
    void onClick(android.view.View) -> onClick
tang.exam.question.TheMoreBlanks -> tang.exam.question.TheMoreBlanks:
    android.app.Activity mContext -> mContext
    android.widget.LinearLayout mLayout -> mLayout
    tang.exam.model.QuestionnaireQuestion mQuestion -> mQuestion
    int animationDuration -> animationDuration
    java.util.List answerList -> answerList
    int index -> index
    void Start() -> Start
    void NextQuestion(android.widget.RadioGroup) -> NextQuestion
    int getAnimationDuration() -> getAnimationDuration
    void animateView(android.view.View,int) -> animateView
    void onFocusChange(android.view.View,boolean) -> onFocusChange
    void access$0(tang.exam.question.TheMoreBlanks,android.view.View,int) -> access$0
    void access$1(tang.exam.question.TheMoreBlanks,android.widget.RadioGroup) -> access$1
tang.exam.question.TheMoreBlanks$1 -> tang.exam.question.TheMoreBlanks$1:
    tang.exam.question.TheMoreBlanks this$0 -> this$0
    void onClick(android.view.View) -> onClick