tang.exam/proguard/usage.txt
ximi.exam.BuildConfig
ximi.exam.R:
    10:10:public R()
ximi.exam.R$anim
ximi.exam.R$array
ximi.exam.R$attr
ximi.exam.R$bool
ximi.exam.R$color
ximi.exam.R$dimen
ximi.exam.R$drawable
ximi.exam.R$id
ximi.exam.R$integer
ximi.exam.R$layout
ximi.exam.R$menu
ximi.exam.R$string
ximi.exam.R$style
ximi.exam.R$styleable:
    3209:3209:public R$styleable()
...
android.support.v4.view.accessibility.AccessibilityNodeInfoCompat$AccessibilityNodeInfoKitKatImpl:
    1003:1003:public int getLiveRegion(java.lang.Object)
    1008:1009:public void setLiveRegion(java.lang.Object,int)
    1013:1013:public java.lang.Object getCollectionInfo(java.lang.Object)
    1037:1037:public int getCollectionInfoColumnCount(java.lang.Object)
    1042:1042:public int getCollectionInfoRowCount(java.lang.Object)
    1047:1047:public boolean isCollectionInfoHierarchical(java.lang.Object)
    1052:1052:public java.lang.Object getCollectionItemInfo(java.lang.Object)
    1057:1057:public java.lang.Object getRangeInfo(java.lang.Object)
    1062:1062:public int getCollectionItemColumnIndex(java.lang.Object)
    1067:1067:public int getCollectionItemColumnSpan(java.lang.Object)
    1072:1072:public int getCollectionItemRowIndex(java.lang.Object)
    1077:1077:public int getCollectionItemRowSpan(java.lang.Object)
    1082:1082:public boolean isCollectionItemHeading(java.lang.Object)
android.support.v4.view.accessibility.AccessibilityNodeInfoCompat$AccessibilityNodeInfoStubImpl:
    268:268:public java.lang.Object obtain()
    273:273:public java.lang.Object obtain(android.view.View)
    278:278:public java.lang.Object obtain(android.view.View,int)
    299:299:public void addChild(java.lang.Object,android.view.View,int)
    303:303:public java.util.List findAccessibilityNodeInfosByText(java.lang.Object,java.lang.String)
    323:323:public java.lang.Object getChild(java.lang.Object,int)
    328:328:public int getChildCount(java.lang.Object)
    348:348:public java.lang.Object getParent(java.lang.Object)
    358:358:public int getWindowId(java.lang.Object)
    423:423:public boolean performAction(java.lang.Object,int)
    428:428:public boolean performAction(java.lang.Object,int,android.os.Bundle)
    454:454:public void setCheckable(java.lang.Object,boolean)
    459:459:public void setChecked(java.lang.Object,boolean)
    519:519:public void setPassword(java.lang.Object,boolean)
    539:539:public void setSource(java.lang.Object,android.view.View,int)
    543:543:public java.lang.Object findFocus(java.lang.Object,int)
    548:548:public java.lang.Object focusSearch(java.lang.Object,int)
    554:554:public void setText(java.lang.Object,java.lang.CharSequence)
    564:564:public void setParent(java.lang.Object,android.view.View,int)
    574:574:public void setViewIdResourceName(java.lang.Object,java.lang.String)
android.support.v4.view.accessibility.AccessibilityNodeInfoCompat$CollectionInfoCompat:
    public static final int SELECTION_MODE_NONE
    public static final int SELECTION_MODE_SINGLE
    public static final int SELECTION_MODE_MULTIPLE
    91:91:public int getColumnCount()
    95:95:public int getRowCount()
    99:99:public boolean isHierarchical()
    63:63:synthetic AccessibilityNodeInfoCompat$CollectionInfoCompat(java.lang.Object,android.support.v4.view.accessibility.AccessibilityNodeInfoCompat$1)
android.support.v4.view.accessibility.AccessibilityNodeInfoCompat$CollectionItemInfoCompat:
    123:123:public int getColumnIndex()
    127:127:public int getColumnSpan()
    131:131:public int getRowIndex()
    135:135:public int getRowSpan()
    139:139:public boolean isHeading()
    143:143:public boolean isSelected()
    103:103:synthetic AccessibilityNodeInfoCompat$CollectionItemInfoCompat(java.lang.Object,android.support.v4.view.accessibility.AccessibilityNodeInfoCompat$1)
android.support.v4.view.accessibility.AccessibilityNodeInfoCompat$RangeInfoCompat
android.support.v4.view.accessibility.AccessibilityNodeInfoCompatApi21:
    27:57:AccessibilityNodeInfoCompatApi21()
    29:30:static java.util.List getActionList(java.lang.Object)
    34:37:static void addAction(java.lang.Object,int,java.lang.CharSequence)
android.support.v4.view.accessibility.AccessibilityNodeInfoCompatApi21$AccessibilityAction
android.support.v4.view.accessibility.AccessibilityNodeInfoCompatApi21$CollectionItemInfo